<?xml version="1.0" encoding="UTF-8"?>
<testsuite name="com.example.DemoTest" tests="1" skipped="0" failures="0" errors="0" timestamp="2021-08-18T10:08:51" hostname="Ankits-MacBook-Pro.local" time="0.016">
  <properties/>
  <testcase name="testItWorks()" classname="com.example.DemoTest" time="0.016"/>
  <system-out><![CDATA[?[36m15:38:44.676?[0;39m ?[1;30m[Test worker]?[0;39m ?[34mINFO ?[0;39m ?[35mi.m.context.env.DefaultEnvironment?[0;39m - Established active environments: [test]
]]></system-out>
  <system-err><![CDATA[]]></system-err>
</testsuite>
